Analysis initiated from SIMULIA established products
Abaqus JOB chkflap
Abaqus 2021
Abaqus License Manager checked out the following licenses:
Abaqus/Standard checked out 6 tokens from Flexnet server mae_srv2.ul.campus.
<91 out of 97 licenses remain available>.
Begin Analysis Input File Processor
2024-04-08 12:44:08 PM
Run pre.exe
2024-04-08 12:44:13 PM
End Analysis Input File Processor
Begin Abaqus/Standard Analysis
2024-04-08 12:44:13 PM
Run standard.exe
2024-04-08 12:46:01 PM
Abaqus Error: Abaqus/Standard Analysis exited with an error - Please see the 
message file for possible error messages if the file exists.
Begin SIM Wrap-up
2024-04-08 12:46:03 PM
Run SMASimUtility.exe
2024-04-08 12:46:03 PM
End SIM Wrap-up
Abaqus/Analysis exited with errors
